2025-04-03 23:21:09,094 - INFO - Starting trading bot analysis...
2025-04-03 23:21:09,094 - INFO - Analyzing VCI...
2025-04-03 23:21:09,841 - INFO - Recommendation for VCI: HOLD
2025-04-03 23:21:09,842 - INFO - Analyzing VNM...
2025-04-03 23:21:09,842 - ERROR - Error fetching data for VNM: Chỉ có nguồn dữ liệu từ VCI, TCBS, MSN được hỗ trợ.
2025-04-03 23:21:09,842 - INFO - Analyzing FPT...
2025-04-03 23:21:09,842 - ERROR - Error fetching data for FPT: Chỉ có nguồn dữ liệu từ VCI, TCBS, MSN được hỗ trợ.
2025-04-03 23:21:09,842 - INFO - Analyzing VHM...
2025-04-03 23:21:09,842 - ERROR - Error fetching data for VHM: Chỉ có nguồn dữ liệu từ VCI, TCBS, MSN được hỗ trợ.
2025-04-03 23:21:09,842 - INFO - Analyzing VIB...
2025-04-03 23:21:09,842 - ERROR - Error fetching data for VIB: Chỉ có nguồn dữ liệu từ VCI, TCBS, MSN được hỗ trợ.
2025-04-03 23:21:09,842 - INFO - 
            Symbol: VCI
            Signal: HOLD
            Price: 36.3
            Trend: Bullish
            Momentum: Neutral
            RSI: 36.96
            Time: 2025-04-03 23:21:09
            
2025-04-03 23:21:09,842 - INFO - Trading bot analysis completed.
2025-04-03 23:26:45,572 - INFO - Starting trading bot analysis...
2025-04-03 23:26:45,573 - INFO - Analyzing VCI...
2025-04-03 23:26:46,325 - INFO - Recommendation for VCI: HOLD
2025-04-03 23:26:46,325 - INFO - Analyzing VNM...
2025-04-03 23:26:46,791 - INFO - Recommendation for VNM: HOLD
2025-04-03 23:26:46,792 - INFO - Analyzing FPT...
2025-04-03 23:26:47,306 - INFO - Recommendation for FPT: HOLD
2025-04-03 23:26:47,306 - INFO - Analyzing VHM...
2025-04-03 23:26:49,146 - INFO - Recommendation for VHM: HOLD
2025-04-03 23:26:49,146 - INFO - Analyzing VIB...
2025-04-03 23:26:49,637 - INFO - Recommendation for VIB: HOLD
2025-04-03 23:26:49,637 - INFO - 
            Symbol: VCI
            Signal: HOLD
            Price: 36.3
            Trend: Bullish
            Momentum: Neutral
            RSI: 36.96
            Time: 2025-04-03 23:26:46
            
2025-04-03 23:26:49,637 - INFO - 
            Symbol: VNM
            Signal: HOLD
            Price: 56.5
            Trend: Bearish
            Momentum: Oversold
            RSI: 20.73
            Time: 2025-04-03 23:26:46
            
2025-04-03 23:26:49,637 - INFO - 
            Symbol: FPT
            Signal: HOLD
            Price: 113.5
            Trend: Bearish
            Momentum: Oversold
            RSI: 23.99
            Time: 2025-04-03 23:26:47
            
2025-04-03 23:26:49,637 - INFO - 
            Symbol: VHM
            Signal: HOLD
            Price: 49.3
            Trend: Bullish
            Momentum: Neutral
            RSI: 57.86
            Time: 2025-04-03 23:26:49
            
2025-04-03 23:26:49,637 - INFO - 
            Symbol: VIB
            Signal: HOLD
            Price: 18.6
            Trend: Bearish
            Momentum: Oversold
            RSI: 21.35
            Time: 2025-04-03 23:26:49
            
2025-04-03 23:26:49,637 - INFO - Trading bot analysis completed.
2025-04-03 23:29:26,320 - INFO - Starting trading bot analysis...
2025-04-03 23:29:26,320 - INFO - Analyzing VCI...
2025-04-03 23:29:26,967 - INFO - Recommendation for VCI: HOLD
2025-04-03 23:29:26,967 - INFO - Analyzing VNM...
2025-04-03 23:29:27,458 - INFO - Recommendation for VNM: HOLD
2025-04-03 23:29:27,458 - INFO - Analyzing FPT...
2025-04-03 23:29:28,122 - INFO - Recommendation for FPT: HOLD
2025-04-03 23:29:28,122 - INFO - Analyzing VHM...
2025-04-03 23:29:28,626 - INFO - Recommendation for VHM: HOLD
2025-04-03 23:29:28,626 - INFO - Analyzing VIB...
2025-04-03 23:29:29,152 - INFO - Recommendation for VIB: HOLD
2025-04-03 23:29:29,152 - INFO - 
            Symbol: VCI
            Signal: HOLD
            Price: 36.3
            Trend: Bullish
            Momentum: Neutral
            Volatility: High
            RSI: 36.96
            Stop Loss: 34.49
            Take Profit: 39.91
            Position Size: 275482
            Time: 2025-04-03 23:29:26
            
2025-04-03 23:29:29,153 - INFO - 
            Symbol: VNM
            Signal: HOLD
            Price: 56.5
            Trend: Strong Bearish
            Momentum: Strong Oversold
            Volatility: High
            RSI: 20.73
            Stop Loss: 54.34
            Take Profit: 60.81
            Position Size: 176991
            Time: 2025-04-03 23:29:27
            
2025-04-03 23:29:29,153 - INFO - 
            Symbol: FPT
            Signal: HOLD
            Price: 113.5
            Trend: Strong Bearish
            Momentum: Strong Oversold
            Volatility: High
            RSI: 23.99
            Stop Loss: 106.10
            Take Profit: 128.30
            Position Size: 88105
            Time: 2025-04-03 23:29:28
            
2025-04-03 23:29:29,153 - INFO - 
            Symbol: VHM
            Signal: HOLD
            Price: 49.3
            Trend: Bullish
            Momentum: Neutral
            Volatility: High
            RSI: 57.86
            Stop Loss: 45.90
            Take Profit: 56.10
            Position Size: 202839
            Time: 2025-04-03 23:29:28
            
2025-04-03 23:29:29,153 - INFO - 
            Symbol: VIB
            Signal: HOLD
            Price: 18.6
            Trend: Strong Bearish
            Momentum: Strong Oversold
            Volatility: High
            RSI: 21.35
            Stop Loss: 17.81
            Take Profit: 20.19
            Position Size: 537634
            Time: 2025-04-03 23:29:29
            
2025-04-03 23:29:29,153 - INFO - Trading bot analysis completed.
